node:events:505
      throw er; // Unhandled 'error' event
      ^

Error: read ECONNRESET
    at TCP.onStreamRead (node:internal/stream_base_commons:217:20)
Emitted 'error' event on Connection instance at:
    at Connection._handleProtocolError (/home/dy/ICPC/学生选课系统/node_modules/mysql/lib/Connection.js:423:8)
    at Protocol.emit (node:events:527:28)
    at Protocol._delegateError (/home/dy/ICPC/学生选课系统/node_modules/mysql/lib/protocol/Protocol.js:398:10)
    at Protocol.handleNetworkError (/home/dy/ICPC/学生选课系统/node_modules/mysql/lib/protocol/Protocol.js:371:10)
    at Connection._handleNetworkError (/home/dy/ICPC/学生选课系统/node_modules/mysql/lib/Connection.js:418:18)
    at Socket.emit (node:events:527:28)
    at emitErrorNT (node:internal/streams/destroy:157:8)
    at emitErrorCloseNT (node:internal/streams/destroy:122:3)
    at processTicksAndRejections (node:internal/process/task_queues:83:21) {
  errno: -104,
  code: 'ECONNRESET',
  syscall: 'read',
  fatal: true
}
node:events:505
      throw er; // Unhandled 'error' event
      ^

Error: listen EACCES: permission denied 0.0.0.0:80
    at Server.setupListenHandle [as _listen2] (node:net:1355:21)
    at listenInCluster (node:net:1420:12)
    at Server.listen (node:net:1508:7)
    at Function.listen (/home/dy/ICPC/学生选课系统/node_modules/express/lib/application.js:635:24)
    at Object.<anonymous> (/home/dy/ICPC/学生选课系统/src/app.js:126:5)
    at Module._compile (node:internal/modules/cjs/loader:1105:14)
    at Object.Module._extensions..js (node:internal/modules/cjs/loader:1159:10)
    at Module.load (node:internal/modules/cjs/loader:981:32)
    at Function.Module._load (node:internal/modules/cjs/loader:822:12)
    at Function.executeUserEntryPoint [as runMain] (node:internal/modules/run_main:77:12)
Emitted 'error' event on Server instance at:
    at emitErrorNT (node:net:1399:8)
    at processTicksAndRejections (node:internal/process/task_queues:83:21) {
  code: 'EACCES',
  errno: -13,
  syscall: 'listen',
  address: '0.0.0.0',
  port: 80
}
node:events:505
      throw er; // Unhandled 'error' event
      ^

Error: read ECONNRESET
    at TCP.onStreamRead (node:internal/stream_base_commons:217:20)
Emitted 'error' event on Connection instance at:
    at Connection._handleProtocolError (/home/dy/ICPC/学生选课系统/node_modules/mysql/lib/Connection.js:423:8)
    at Protocol.emit (node:events:527:28)
    at Protocol._delegateError (/home/dy/ICPC/学生选课系统/node_modules/mysql/lib/protocol/Protocol.js:398:10)
    at Protocol.handleNetworkError (/home/dy/ICPC/学生选课系统/node_modules/mysql/lib/protocol/Protocol.js:371:10)
    at Connection._handleNetworkError (/home/dy/ICPC/学生选课系统/node_modules/mysql/lib/Connection.js:418:18)
    at Socket.emit (node:events:527:28)
    at emitErrorNT (node:internal/streams/destroy:157:8)
    at emitErrorCloseNT (node:internal/streams/destroy:122:3)
    at processTicksAndRejections (node:internal/process/task_queues:83:21) {
  errno: -104,
  code: 'ECONNRESET',
  syscall: 'read',
  fatal: true
}
node:events:505
      throw er; // Unhandled 'error' event
      ^

Error: read ECONNRESET
    at TCP.onStreamRead (node:internal/stream_base_commons:217:20)
Emitted 'error' event on Connection instance at:
    at Connection._handleProtocolError (/home/dy/ICPC/学生选课系统/node_modules/mysql/lib/Connection.js:423:8)
    at Protocol.emit (node:events:527:28)
    at Protocol._delegateError (/home/dy/ICPC/学生选课系统/node_modules/mysql/lib/protocol/Protocol.js:398:10)
    at Protocol.handleNetworkError (/home/dy/ICPC/学生选课系统/node_modules/mysql/lib/protocol/Protocol.js:371:10)
    at Connection._handleNetworkError (/home/dy/ICPC/学生选课系统/node_modules/mysql/lib/Connection.js:418:18)
    at Socket.emit (node:events:527:28)
    at emitErrorNT (node:internal/streams/destroy:157:8)
    at emitErrorCloseNT (node:internal/streams/destroy:122:3)
    at processTicksAndRejections (node:internal/process/task_queues:83:21) {
  errno: -104,
  code: 'ECONNRESET',
  syscall: 'read',
  fatal: true
}
node:events:505
      throw er; // Unhandled 'error' event
      ^

Error: read ECONNRESET
    at TCP.onStreamRead (node:internal/stream_base_commons:217:20)
Emitted 'error' event on Connection instance at:
    at Connection._handleProtocolError (/home/dy/ICPC/学生选课系统/node_modules/mysql/lib/Connection.js:423:8)
    at Protocol.emit (node:events:527:28)
    at Protocol._delegateError (/home/dy/ICPC/学生选课系统/node_modules/mysql/lib/protocol/Protocol.js:398:10)
    at Protocol.handleNetworkError (/home/dy/ICPC/学生选课系统/node_modules/mysql/lib/protocol/Protocol.js:371:10)
    at Connection._handleNetworkError (/home/dy/ICPC/学生选课系统/node_modules/mysql/lib/Connection.js:418:18)
    at Socket.emit (node:events:527:28)
    at emitErrorNT (node:internal/streams/destroy:157:8)
    at emitErrorCloseNT (node:internal/streams/destroy:122:3)
    at processTicksAndRejections (node:internal/process/task_queues:83:21) {
  errno: -104,
  code: 'ECONNRESET',
  syscall: 'read',
  fatal: true
}
